生成启动时间为 2017/10/4 0:43:24。
     1>项目“J:\编程语言\C++\MFC\上机\绘图软件开发\DrawLine\DrawLine\DrawLine.vcxproj”在节点 2 上(Build 个目标)。
     1>ClCompile:
         C:\Program Files (x86)\Microsoft Visual Studio 12.0\VC\bin\CL.exe /c /ZI /nologo /W3 /WX- /sdl /Od /Oy- /D WIN32 /D _WINDOWS /D _DEBUG /D _UNICODE /D UNICODE /D _AFXDLL /Gm /EHsc /RTC1 /MDd /GS /fp:precise /Zc:wchar_t /Zc:forScope /Yu"stdafx.h" /Fp"Debug\DrawLine.pch" /Fo"Debug\\" /Fd"Debug\vc120.pdb" /Gd /TP /analyze- /errorReport:prompt DrawLineView.cpp
         DrawLineView.cpp
       ResourceCompile:
         C:\Program Files (x86)\Windows Kits\8.1\bin\x86\rc.exe /D _DEBUG /D _UNICODE /D UNICODE /D _AFXDLL /l"0x0804" /IDebug\ /nologo /fo"Debug\DrawLine.res" DrawLine.rc 
       Link:
         C:\Program Files (x86)\Microsoft Visual Studio 12.0\VC\bin\link.exe /ERRORREPORT:PROMPT /OUT:"J:\编程语言\C++\MFC\上机\绘图软件开发\DrawLine\Debug\DrawLine.exe" /INCREMENTAL /NOLOGO Kinect20.lib /MANIFEST /MANIFESTUAC:"level='asInvoker' uiAccess='false'" /manifest:embed /manifestinput:"C:\Program Files (x86)\Microsoft Visual Studio 12.0\VC\Include\Manifest\dpiaware.manifest" /DEBUG /PDB:"J:\编程语言\C++\MFC\上机\绘图软件开发\DrawLine\Debug\DrawLine.pdb" /SUBSYSTEM:WINDOWS /TLBID:1 /ENTRY:"wWinMainCRTStartup" /DYNAMICBASE /NXCOMPAT /IMPLIB:"J:\编程语言\C++\MFC\上机\绘图软件开发\DrawLine\Debug\DrawLine.lib" /MACHINE:X86 Debug\DrawLine.res
         Debug\ClassView.obj
         Debug\DrawLine.obj
         Debug\DrawLineDoc.obj
         Debug\DrawLineView.obj
         Debug\FileView.obj
         Debug\MainFrm.obj
         Debug\OutputWnd.obj
         Debug\PropertiesWnd.obj
         Debug\stdafx.obj
         Debug\ViewTree.obj
         DrawLine.vcxproj -> J:\编程语言\C++\MFC\上机\绘图软件开发\DrawLine\Debug\DrawLine.exe
     1>已完成生成项目“J:\编程语言\C++\MFC\上机\绘图软件开发\DrawLine\DrawLine\DrawLine.vcxproj”(Build 个目标)的操作。

生成成功。

已用时间 00:00:30.09
